> install.packages("BiocManager")
Installing package into ‘/usr/local/lib/R/site-library’
(as ‘lib’ is unspecified)
trying URL 'https://cloud.r-project.org/src/contrib/BiocManager_1.30.10.tar.gz'
Content type 'application/x-gzip' length 40205 bytes (39 KB)
==================================================
downloaded 39 KB

* installing *source* package ‘BiocManager’ ...
** package ‘BiocManager’ successfully unpacked and MD5 sums checked
** using staged installation
** R
** inst
** byte-compile and prepare package for lazy loading
** help
*** installing help indices
** building package indices
** installing vignettes
** testing if installed package can be loaded from temporary location
** testing if installed package can be loaded from final location
** testing if installed package keeps a record of temporary installation path
* DONE (BiocManager)

The downloaded source packages are in
        ‘/tmp/RtmpBTvM9A/downloaded_packages’
> BiocManager::install("biomaRt")
Bioconductor version 3.12 (BiocManager 1.30.10), R 4.0.3 (2020-10-10)
Installing package(s) 'BiocVersion', 'biomaRt'
also installing the dependencies ‘bit’, ‘bit64’, ‘plogr’, ‘BiocGenerics’, ‘Biobase’, ‘IRanges’, ‘RSQLite’, ‘S4Vectors’, ‘XML’, ‘AnnotationDbi’, ‘BiocFileCache’, ‘rappdirs’

trying URL 'https://cloud.r-project.org/src/contrib/bit_4.0.4.tar.gz'
Content type 'application/x-gzip' length 279723 bytes (273 KB)
==================================================
downloaded 273 KB

trying URL 'https://cloud.r-project.org/src/contrib/bit64_4.0.5.tar.gz'
Content type 'application/x-gzip' length 135091 bytes (131 KB)
==================================================
downloaded 131 KB

trying URL 'https://cloud.r-project.org/src/contrib/plogr_0.2.0.tar.gz'
Content type 'application/x-gzip' length 7795 bytes
==================================================
downloaded 7795 bytes

trying URL 'https://bioconductor.org/packages/3.12/bioc/src/contrib/BiocGenerics_0.36.0.tar.gz'
Content type 'application/x-gzip' length 47415 bytes (46 KB)
==================================================
downloaded 46 KB

trying URL 'https://bioconductor.org/packages/3.12/bioc/src/contrib/Biobase_2.50.0.tar.gz'
Content type 'application/x-gzip' length 1657243 bytes (1.6 MB)
==================================================
downloaded 1.6 MB

trying URL 'https://bioconductor.org/packages/3.12/bioc/src/contrib/IRanges_2.24.0.tar.gz'
Content type 'application/x-gzip' length 452280 bytes (441 KB)
==================================================
downloaded 441 KB

trying URL 'https://cloud.r-project.org/src/contrib/RSQLite_2.2.1.tar.gz'
Content type 'application/x-gzip' length 2429214 bytes (2.3 MB)
==================================================
downloaded 2.3 MB

trying URL 'https://bioconductor.org/packages/3.12/bioc/src/contrib/S4Vectors_0.28.0.tar.gz'
Content type 'application/x-gzip' length 659827 bytes (644 KB)
==================================================
downloaded 644 KB

trying URL 'https://cloud.r-project.org/src/contrib/XML_3.99-0.5.tar.gz'
Content type 'application/x-gzip' length 968563 bytes (945 KB)
==================================================
downloaded 945 KB

trying URL 'https://bioconductor.org/packages/3.12/bioc/src/contrib/AnnotationDbi_1.52.0.tar.gz'
Content type 'application/x-gzip' length 4338642 bytes (4.1 MB)
==================================================
downloaded 4.1 MB

trying URL 'https://bioconductor.org/packages/3.12/bioc/src/contrib/BiocFileCache_1.14.0.tar.gz'
Content type 'application/x-gzip' length 289322 bytes (282 KB)
==================================================
downloaded 282 KB

trying URL 'https://cloud.r-project.org/src/contrib/rappdirs_0.3.1.tar.gz'
Content type 'application/x-gzip' length 12838 bytes (12 KB)
==================================================
downloaded 12 KB

trying URL 'https://bioconductor.org/packages/3.12/bioc/src/contrib/BiocVersion_3.12.0.tar.gz'
Content type 'application/x-gzip' length 981 bytes
==================================================
downloaded 981 bytes

trying URL 'https://bioconductor.org/packages/3.12/bioc/src/contrib/biomaRt_2.46.0.tar.gz'
Content type 'application/x-gzip' length 668926 bytes (653 KB)
==================================================
downloaded 653 KB

* installing *source* package ‘bit’ ...
** package ‘bit’ successfully unpacked and MD5 sums checked
** using staged installation
** libs
gcc -std=gnu99 -I"/usr/share/R/include" -DNDEBUG      -fpic  -g -O2 -fdebug-prefix-map=/build/r-base-Fuvi9C/r-base-4.0.3=. -fstack-protector-strong -Wformat -Werror=format-security -Wdate-time -D_FORTIFY_SOURCE=2 -g  -c attrutil.c -o attrutil.o
gcc -std=gnu99 -I"/usr/share/R/include" -DNDEBUG      -fpic  -g -O2 -fdebug-prefix-map=/build/r-base-Fuvi9C/r-base-4.0.3=. -fstack-protector-strong -Wformat -Werror=format-security -Wdate-time -D_FORTIFY_SOURCE=2 -g  -c bit.c -o bit.o
gcc -std=gnu99 -I"/usr/share/R/include" -DNDEBUG      -fpic  -g -O2 -fdebug-prefix-map=/build/r-base-Fuvi9C/r-base-4.0.3=. -fstack-protector-strong -Wformat -Werror=format-security -Wdate-time -D_FORTIFY_SOURCE=2 -g  -c chunkutil.c -o chunkutil.o
gcc -std=gnu99 -I"/usr/share/R/include" -DNDEBUG      -fpic  -g -O2 -fdebug-prefix-map=/build/r-base-Fuvi9C/r-base-4.0.3=. -fstack-protector-strong -Wformat -Werror=format-security -Wdate-time -D_FORTIFY_SOURCE=2 -g  -c clone.c -o clone.o
gcc -std=gnu99 -I"/usr/share/R/include" -DNDEBUG      -fpic  -g -O2 -fdebug-prefix-map=/build/r-base-Fuvi9C/r-base-4.0.3=. -fstack-protector-strong -Wformat -Werror=format-security -Wdate-time -D_FORTIFY_SOURCE=2 -g  -c init.c -o init.o
gcc -std=gnu99 -I"/usr/share/R/include" -DNDEBUG      -fpic  -g -O2 -fdebug-prefix-map=/build/r-base-Fuvi9C/r-base-4.0.3=. -fstack-protector-strong -Wformat -Werror=format-security -Wdate-time -D_FORTIFY_SOURCE=2 -g  -c integerutil.c -o integerutil.o
gcc -std=gnu99 -I"/usr/share/R/include" -DNDEBUG      -fpic  -g -O2 -fdebug-prefix-map=/build/r-base-Fuvi9C/r-base-4.0.3=. -fstack-protector-strong -Wformat -Werror=format-security -Wdate-time -D_FORTIFY_SOURCE=2 -g  -c merge.c -o merge.o
gcc -std=gnu99 -I"/usr/share/R/include" -DNDEBUG      -fpic  -g -O2 -fdebug-prefix-map=/build/r-base-Fuvi9C/r-base-4.0.3=. -fstack-protector-strong -Wformat -Werror=format-security -Wdate-time -D_FORTIFY_SOURCE=2 -g  -c rle.c -o rle.o
gcc -std=gnu99 -I"/usr/share/R/include" -DNDEBUG      -fpic  -g -O2 -fdebug-prefix-map=/build/r-base-Fuvi9C/r-base-4.0.3=. -fstack-protector-strong -Wformat -Werror=format-security -Wdate-time -D_FORTIFY_SOURCE=2 -g  -c sort.c -o sort.o
gcc -std=gnu99 -shared -L/usr/lib/R/lib -Wl,-Bsymbolic-functions -Wl,-z,relro -o bit.so attrutil.o bit.o chunkutil.o clone.o init.o integerutil.o merge.o rle.o sort.o -L/usr/lib/R/lib -lR
installing to /usr/local/lib/R/site-library/00LOCK-bit/00new/bit/libs
** R
** inst
** byte-compile and prepare package for lazy loading
** help
*** installing help indices
** building package indices
** installing vignettes
** testing if installed package can be loaded from temporary location
** checking absolute paths in shared objects and dynamic libraries
** testing if installed package can be loaded from final location
** testing if installed package keeps a record of temporary installation path
* DONE (bit)
* installing *source* package ‘plogr’ ...
** package ‘plogr’ successfully unpacked and MD5 sums checked
** using staged installation
** R
** inst
** byte-compile and prepare package for lazy loading
** help
*** installing help indices
** building package indices
** testing if installed package can be loaded from temporary location
** testing if installed package can be loaded from final location
** testing if installed package keeps a record of temporary installation path
* DONE (plogr)
* installing *source* package ‘BiocGenerics’ ...
** using staged installation
** R
** inst
** byte-compile and prepare package for lazy loading
Creating a new generic function for ‘append’ in package ‘BiocGenerics’
Creating a new generic function for ‘as.data.frame’ in package ‘BiocGenerics’
Creating a new generic function for ‘cbind’ in package ‘BiocGenerics’
Creating a new generic function for ‘rbind’ in package ‘BiocGenerics’
Creating a new generic function for ‘do.call’ in package ‘BiocGenerics’
Creating a new generic function for ‘duplicated’ in package ‘BiocGenerics’
Creating a new generic function for ‘anyDuplicated’ in package ‘BiocGenerics’
Creating a new generic function for ‘eval’ in package ‘BiocGenerics’
Creating a new generic function for ‘pmax’ in package ‘BiocGenerics’
Creating a new generic function for ‘pmin’ in package ‘BiocGenerics’
Creating a new generic function for ‘pmax.int’ in package ‘BiocGenerics’
Creating a new generic function for ‘pmin.int’ in package ‘BiocGenerics’
Creating a new generic function for ‘Reduce’ in package ‘BiocGenerics’
Creating a new generic function for ‘Filter’ in package ‘BiocGenerics’
Creating a new generic function for ‘Find’ in package ‘BiocGenerics’
Creating a new generic function for ‘Map’ in package ‘BiocGenerics’
Creating a new generic function for ‘Position’ in package ‘BiocGenerics’
Creating a new generic function for ‘get’ in package ‘BiocGenerics’
Creating a new generic function for ‘mget’ in package ‘BiocGenerics’
Creating a new generic function for ‘grep’ in package ‘BiocGenerics’
Creating a new generic function for ‘grepl’ in package ‘BiocGenerics’
Creating a new generic function for ‘is.unsorted’ in package ‘BiocGenerics’
Creating a new generic function for ‘lapply’ in package ‘BiocGenerics’
Creating a new generic function for ‘sapply’ in package ‘BiocGenerics’
Creating a new generic function for ‘mapply’ in package ‘BiocGenerics’
Creating a new generic function for ‘match’ in package ‘BiocGenerics’
Creating a new generic function for ‘order’ in package ‘BiocGenerics’
Creating a new generic function for ‘paste’ in package ‘BiocGenerics’
Creating a new generic function for ‘rank’ in package ‘BiocGenerics’
Creating a new generic function for ‘rownames’ in package ‘BiocGenerics’
Creating a new generic function for ‘colnames’ in package ‘BiocGenerics’
Creating a new generic function for ‘union’ in package ‘BiocGenerics’
Creating a new generic function for ‘intersect’ in package ‘BiocGenerics’
Creating a new generic function for ‘setdiff’ in package ‘BiocGenerics’
Creating a new generic function for ‘sort’ in package ‘BiocGenerics’
Creating a new generic function for ‘table’ in package ‘BiocGenerics’
Creating a new generic function for ‘tapply’ in package ‘BiocGenerics’
Creating a new generic function for ‘unique’ in package ‘BiocGenerics’
Creating a new generic function for ‘unsplit’ in package ‘BiocGenerics’
Creating a new generic function for ‘var’ in package ‘BiocGenerics’
Creating a new generic function for ‘sd’ in package ‘BiocGenerics’
Creating a new generic function for ‘which.min’ in package ‘BiocGenerics’
Creating a new generic function for ‘which.max’ in package ‘BiocGenerics’
Creating a new generic function for ‘IQR’ in package ‘BiocGenerics’
Creating a new generic function for ‘mad’ in package ‘BiocGenerics’
Creating a new generic function for ‘xtabs’ in package ‘BiocGenerics’
Creating a new generic function for ‘clusterCall’ in package ‘BiocGenerics’
Creating a new generic function for ‘clusterApply’ in package ‘BiocGenerics’
Creating a new generic function for ‘clusterApplyLB’ in package ‘BiocGenerics’
Creating a new generic function for ‘clusterEvalQ’ in package ‘BiocGenerics’
Creating a new generic function for ‘clusterExport’ in package ‘BiocGenerics’
Creating a new generic function for ‘clusterMap’ in package ‘BiocGenerics’
Creating a new generic function for ‘parLapply’ in package ‘BiocGenerics’
Creating a new generic function for ‘parSapply’ in package ‘BiocGenerics’
Creating a new generic function for ‘parApply’ in package ‘BiocGenerics’
Creating a new generic function for ‘parRapply’ in package ‘BiocGenerics’
Creating a new generic function for ‘parCapply’ in package ‘BiocGenerics’
Creating a new generic function for ‘parLapplyLB’ in package ‘BiocGenerics’
Creating a new generic function for ‘parSapplyLB’ in package ‘BiocGenerics’
Creating a new generic function for ‘basename’ in package ‘BiocGenerics’
Creating a new generic function for ‘dirname’ in package ‘BiocGenerics’
** help
*** installing help indices
** building package indices
** testing if installed package can be loaded from temporary location
** testing if installed package can be loaded from final location
** testing if installed package keeps a record of temporary installation path
* DONE (BiocGenerics)
* installing *source* package ‘XML’ ...
** package ‘XML’ successfully unpacked and MD5 sums checked
** using staged installation
checking for gcc... gcc
checking whether the C compiler works... yes
checking for C compiler default output file name... a.out
checking for suffix of executables...
checking whether we are cross compiling... no
checking for suffix of object files... o
checking whether we are using the GNU C compiler... yes
checking whether gcc accepts -g... yes
checking for gcc option to accept ISO C89... none needed
checking how to run the C preprocessor... gcc -E
checking for sed... /bin/sed
checking for pkg-config... /usr/bin/pkg-config
checking for xml2-config... /usr/bin/xml2-config
USE_XML2 = yes
SED_EXTENDED_ARG: -E
Minor 9, Patch 10 for 2.9.10
Located parser file -I/usr/include/libxml2/parser.h
Checking for 1.8:  -I/usr/include/libxml2
Using libxml2.*
checking for gzopen in -lz... yes
checking for xmlParseFile in -lxml2... yes
checking for xmlHashSize in -lxml2... yes
Using built-in xmlHashSize
Checking DTD parsing (presence of externalSubset)...
checking for xmlHashSize in -lxml2... yes
Found xmlHashSize
checking for xmlOutputBufferCreateBuffer in -lxml2... yes
have xmlOutputBufferCreateBuffer()
checking for xmlDocDumpFormatMemoryEnc in -lxml2... yes
checking libxml/xmlversion.h usability... yes
checking libxml/xmlversion.h presence... yes
checking for libxml/xmlversion.h... yes
Expat:  FALSE
Checking for return type of xmlHashScan element routine.
No return value for xmlHashScan
xmlNs has a context field
Checking for cetype_t enumeration
No cetype_t enumeration defined in R headers.
checking for xmlsec1-config... no
nodegc default
xml-debug default
Version has XML_WITH_ZLIB
Version has xmlHasFeature()

****************************************
Configuration information:

Libxml settings

libxml include directory: -I/usr/include/libxml2
libxml library directory: -lxml2 -lz  -lxml2
libxml 2:                 -DLIBXML2=1

Compilation flags:         -DLIBXML -I/usr/include/libxml2 -DUSE_EXTERNAL_SUBSET=1 -DROOT_HAS_DTD_NODE=1 -DDUMP_WITH_ENCODING=1 -DUSE_XML_VERSION_H=1 -DXML_ELEMENT_ETYPE=1 -DXML_ATTRIBUTE_ATYPE=1 -DNO_XML_HASH_SCANNER_RETURN=1 -DLIBXML_NAMESPACE_HAS_CONTEXT=1 -DHAVE_XML_WITH_ZLIB=1 -DHAVE_XML_HAS_FEATURE=1 -DUSE_R=1 -D_R_=1  -DHAVE_VALIDITY=1 -DXML_REF_COUNT_NODES=1
Link flags:               -lxml2 -lz  -lxml2

****************************************
configure: creating ./config.status
config.status: creating src/Makevars
config.status: creating R/supports.R
config.status: creating inst/scripts/RSXML.csh
config.status: creating inst/scripts/RSXML.bsh
** libs
gcc -std=gnu99 -I"/usr/share/R/include" -DNDEBUG -DLIBXML -I/usr/include/libxml2 -DUSE_EXTERNAL_SUBSET=1 -DROOT_HAS_DTD_NODE=1 -DDUMP_WITH_ENCODING=1 -DUSE_XML_VERSION_H=1 -DXML_ELEMENT_ETYPE=1 -DXML_ATTRIBUTE_ATYPE=1 -DNO_XML_HASH_SCANNER_RETURN=1 -DLIBXML_NAMESPACE_HAS_CONTEXT=1 -DHAVE_XML_WITH_ZLIB=1 -DHAVE_XML_HAS_FEATURE=1 -DUSE_R=1 -D_R_=1  -DHAVE_VALIDITY=1 -DXML_REF_COUNT_NODES=1  -I. -DLIBXML2=1     -fpic  -g -O2 -fdebug-prefix-map=/build/r-base-Fuvi9C/r-base-4.0.3=. -fstack-protector-strong -Wformat -Werror=format-security -Wdate-time -D_FORTIFY_SOURCE=2 -g  -c DocParse.c -o DocParse.o
gcc -std=gnu99 -I"/usr/share/R/include" -DNDEBUG -DLIBXML -I/usr/include/libxml2 -DUSE_EXTERNAL_SUBSET=1 -DROOT_HAS_DTD_NODE=1 -DDUMP_WITH_ENCODING=1 -DUSE_XML_VERSION_H=1 -DXML_ELEMENT_ETYPE=1 -DXML_ATTRIBUTE_ATYPE=1 -DNO_XML_HASH_SCANNER_RETURN=1 -DLIBXML_NAMESPACE_HAS_CONTEXT=1 -DHAVE_XML_WITH_ZLIB=1 -DHAVE_XML_HAS_FEATURE=1 -DUSE_R=1 -D_R_=1  -DHAVE_VALIDITY=1 -DXML_REF_COUNT_NODES=1  -I. -DLIBXML2=1     -fpic  -g -O2 -fdebug-prefix-map=/build/r-base-Fuvi9C/r-base-4.0.3=. -fstack-protector-strong -Wformat -Werror=format-security -Wdate-time -D_FORTIFY_SOURCE=2 -g  -c EventParse.c -o EventParse.o
gcc -std=gnu99 -I"/usr/share/R/include" -DNDEBUG -DLIBXML -I/usr/include/libxml2 -DUSE_EXTERNAL_SUBSET=1 -DROOT_HAS_DTD_NODE=1 -DDUMP_WITH_ENCODING=1 -DUSE_XML_VERSION_H=1 -DXML_ELEMENT_ETYPE=1 -DXML_ATTRIBUTE_ATYPE=1 -DNO_XML_HASH_SCANNER_RETURN=1 -DLIBXML_NAMESPACE_HAS_CONTEXT=1 -DHAVE_XML_WITH_ZLIB=1 -DHAVE_XML_HAS_FEATURE=1 -DUSE_R=1 -D_R_=1  -DHAVE_VALIDITY=1 -DXML_REF_COUNT_NODES=1  -I. -DLIBXML2=1     -fpic  -g -O2 -fdebug-prefix-map=/build/r-base-Fuvi9C/r-base-4.0.3=. -fstack-protector-strong -Wformat -Werror=format-security -Wdate-time -D_FORTIFY_SOURCE=2 -g  -c ExpatParse.c -o ExpatParse.o
gcc -std=gnu99 -I"/usr/share/R/include" -DNDEBUG -DLIBXML -I/usr/include/libxml2 -DUSE_EXTERNAL_SUBSET=1 -DROOT_HAS_DTD_NODE=1 -DDUMP_WITH_ENCODING=1 -DUSE_XML_VERSION_H=1 -DXML_ELEMENT_ETYPE=1 -DXML_ATTRIBUTE_ATYPE=1 -DNO_XML_HASH_SCANNER_RETURN=1 -DLIBXML_NAMESPACE_HAS_CONTEXT=1 -DHAVE_XML_WITH_ZLIB=1 -DHAVE_XML_HAS_FEATURE=1 -DUSE_R=1 -D_R_=1  -DHAVE_VALIDITY=1 -DXML_REF_COUNT_NODES=1  -I. -DLIBXML2=1     -fpic  -g -O2 -fdebug-prefix-map=/build/r-base-Fuvi9C/r-base-4.0.3=. -fstack-protector-strong -Wformat -Werror=format-security -Wdate-time -D_FORTIFY_SOURCE=2 -g  -c HTMLParse.c -o HTMLParse.o
gcc -std=gnu99 -I"/usr/share/R/include" -DNDEBUG -DLIBXML -I/usr/include/libxml2 -DUSE_EXTERNAL_SUBSET=1 -DROOT_HAS_DTD_NODE=1 -DDUMP_WITH_ENCODING=1 -DUSE_XML_VERSION_H=1 -DXML_ELEMENT_ETYPE=1 -DXML_ATTRIBUTE_ATYPE=1 -DNO_XML_HASH_SCANNER_RETURN=1 -DLIBXML_NAMESPACE_HAS_CONTEXT=1 -DHAVE_XML_WITH_ZLIB=1 -DHAVE_XML_HAS_FEATURE=1 -DUSE_R=1 -D_R_=1  -DHAVE_VALIDITY=1 -DXML_REF_COUNT_NODES=1  -I. -DLIBXML2=1     -fpic  -g -O2 -fdebug-prefix-map=/build/r-base-Fuvi9C/r-base-4.0.3=. -fstack-protector-strong -Wformat -Werror=format-security -Wdate-time -D_FORTIFY_SOURCE=2 -g  -c NodeGC.c -o NodeGC.o
gcc -std=gnu99 -I"/usr/share/R/include" -DNDEBUG -DLIBXML -I/usr/include/libxml2 -DUSE_EXTERNAL_SUBSET=1 -DROOT_HAS_DTD_NODE=1 -DDUMP_WITH_ENCODING=1 -DUSE_XML_VERSION_H=1 -DXML_ELEMENT_ETYPE=1 -DXML_ATTRIBUTE_ATYPE=1 -DNO_XML_HASH_SCANNER_RETURN=1 -DLIBXML_NAMESPACE_HAS_CONTEXT=1 -DHAVE_XML_WITH_ZLIB=1 -DHAVE_XML_HAS_FEATURE=1 -DUSE_R=1 -D_R_=1  -DHAVE_VALIDITY=1 -DXML_REF_COUNT_NODES=1  -I. -DLIBXML2=1     -fpic  -g -O2 -fdebug-prefix-map=/build/r-base-Fuvi9C/r-base-4.0.3=. -fstack-protector-strong -Wformat -Werror=format-security -Wdate-time -D_FORTIFY_SOURCE=2 -g  -c RSDTD.c -o RSDTD.o
gcc -std=gnu99 -I"/usr/share/R/include" -DNDEBUG -DLIBXML -I/usr/include/libxml2 -DUSE_EXTERNAL_SUBSET=1 -DROOT_HAS_DTD_NODE=1 -DDUMP_WITH_ENCODING=1 -DUSE_XML_VERSION_H=1 -DXML_ELEMENT_ETYPE=1 -DXML_ATTRIBUTE_ATYPE=1 -DNO_XML_HASH_SCANNER_RETURN=1 -DLIBXML_NAMESPACE_HAS_CONTEXT=1 -DHAVE_XML_WITH_ZLIB=1 -DHAVE_XML_HAS_FEATURE=1 -DUSE_R=1 -D_R_=1  -DHAVE_VALIDITY=1 -DXML_REF_COUNT_NODES=1  -I. -DLIBXML2=1     -fpic  -g -O2 -fdebug-prefix-map=/build/r-base-Fuvi9C/r-base-4.0.3=. -fstack-protector-strong -Wformat -Werror=format-security -Wdate-time -D_FORTIFY_SOURCE=2 -g  -c RUtils.c -o RUtils.o
gcc -std=gnu99 -I"/usr/share/R/include" -DNDEBUG -DLIBXML -I/usr/include/libxml2 -DUSE_EXTERNAL_SUBSET=1 -DROOT_HAS_DTD_NODE=1 -DDUMP_WITH_ENCODING=1 -DUSE_XML_VERSION_H=1 -DXML_ELEMENT_ETYPE=1 -DXML_ATTRIBUTE_ATYPE=1 -DNO_XML_HASH_SCANNER_RETURN=1 -DLIBXML_NAMESPACE_HAS_CONTEXT=1 -DHAVE_XML_WITH_ZLIB=1 -DHAVE_XML_HAS_FEATURE=1 -DUSE_R=1 -D_R_=1  -DHAVE_VALIDITY=1 -DXML_REF_COUNT_NODES=1  -I. -DLIBXML2=1     -fpic  -g -O2 -fdebug-prefix-map=/build/r-base-Fuvi9C/r-base-4.0.3=. -fstack-protector-strong -Wformat -Werror=format-security -Wdate-time -D_FORTIFY_SOURCE=2 -g  -c Rcatalog.c -o Rcatalog.o
gcc -std=gnu99 -I"/usr/share/R/include" -DNDEBUG -DLIBXML -I/usr/include/libxml2 -DUSE_EXTERNAL_SUBSET=1 -DROOT_HAS_DTD_NODE=1 -DDUMP_WITH_ENCODING=1 -DUSE_XML_VERSION_H=1 -DXML_ELEMENT_ETYPE=1 -DXML_ATTRIBUTE_ATYPE=1 -DNO_XML_HASH_SCANNER_RETURN=1 -DLIBXML_NAMESPACE_HAS_CONTEXT=1 -DHAVE_XML_WITH_ZLIB=1 -DHAVE_XML_HAS_FEATURE=1 -DUSE_R=1 -D_R_=1  -DHAVE_VALIDITY=1 -DXML_REF_COUNT_NODES=1  -I. -DLIBXML2=1     -fpic  -g -O2 -fdebug-prefix-map=/build/r-base-Fuvi9C/r-base-4.0.3=. -fstack-protector-strong -Wformat -Werror=format-security -Wdate-time -D_FORTIFY_SOURCE=2 -g  -c Utils.c -o Utils.o
gcc -std=gnu99 -I"/usr/share/R/include" -DNDEBUG -DLIBXML -I/usr/include/libxml2 -DUSE_EXTERNAL_SUBSET=1 -DROOT_HAS_DTD_NODE=1 -DDUMP_WITH_ENCODING=1 -DUSE_XML_VERSION_H=1 -DXML_ELEMENT_ETYPE=1 -DXML_ATTRIBUTE_ATYPE=1 -DNO_XML_HASH_SCANNER_RETURN=1 -DLIBXML_NAMESPACE_HAS_CONTEXT=1 -DHAVE_XML_WITH_ZLIB=1 -DHAVE_XML_HAS_FEATURE=1 -DUSE_R=1 -D_R_=1  -DHAVE_VALIDITY=1 -DXML_REF_COUNT_NODES=1  -I. -DLIBXML2=1     -fpic  -g -O2 -fdebug-prefix-map=/build/r-base-Fuvi9C/r-base-4.0.3=. -fstack-protector-strong -Wformat -Werror=format-security -Wdate-time -D_FORTIFY_SOURCE=2 -g  -c XMLEventParse.c -o XMLEventParse.o
gcc -std=gnu99 -I"/usr/share/R/include" -DNDEBUG -DLIBXML -I/usr/include/libxml2 -DUSE_EXTERNAL_SUBSET=1 -DROOT_HAS_DTD_NODE=1 -DDUMP_WITH_ENCODING=1 -DUSE_XML_VERSION_H=1 -DXML_ELEMENT_ETYPE=1 -DXML_ATTRIBUTE_ATYPE=1 -DNO_XML_HASH_SCANNER_RETURN=1 -DLIBXML_NAMESPACE_HAS_CONTEXT=1 -DHAVE_XML_WITH_ZLIB=1 -DHAVE_XML_HAS_FEATURE=1 -DUSE_R=1 -D_R_=1  -DHAVE_VALIDITY=1 -DXML_REF_COUNT_NODES=1  -I. -DLIBXML2=1     -fpic  -g -O2 -fdebug-prefix-map=/build/r-base-Fuvi9C/r-base-4.0.3=. -fstack-protector-strong -Wformat -Werror=format-security -Wdate-time -D_FORTIFY_SOURCE=2 -g  -c XMLHashTree.c -o XMLHashTree.o
gcc -std=gnu99 -I"/usr/share/R/include" -DNDEBUG -DLIBXML -I/usr/include/libxml2 -DUSE_EXTERNAL_SUBSET=1 -DROOT_HAS_DTD_NODE=1 -DDUMP_WITH_ENCODING=1 -DUSE_XML_VERSION_H=1 -DXML_ELEMENT_ETYPE=1 -DXML_ATTRIBUTE_ATYPE=1 -DNO_XML_HASH_SCANNER_RETURN=1 -DLIBXML_NAMESPACE_HAS_CONTEXT=1 -DHAVE_XML_WITH_ZLIB=1 -DHAVE_XML_HAS_FEATURE=1 -DUSE_R=1 -D_R_=1  -DHAVE_VALIDITY=1 -DXML_REF_COUNT_NODES=1  -I. -DLIBXML2=1     -fpic  -g -O2 -fdebug-prefix-map=/build/r-base-Fuvi9C/r-base-4.0.3=. -fstack-protector-strong -Wformat -Werror=format-security -Wdate-time -D_FORTIFY_SOURCE=2 -g  -c XMLTree.c -o XMLTree.o
gcc -std=gnu99 -I"/usr/share/R/include" -DNDEBUG -DLIBXML -I/usr/include/libxml2 -DUSE_EXTERNAL_SUBSET=1 -DROOT_HAS_DTD_NODE=1 -DDUMP_WITH_ENCODING=1 -DUSE_XML_VERSION_H=1 -DXML_ELEMENT_ETYPE=1 -DXML_ATTRIBUTE_ATYPE=1 -DNO_XML_HASH_SCANNER_RETURN=1 -DLIBXML_NAMESPACE_HAS_CONTEXT=1 -DHAVE_XML_WITH_ZLIB=1 -DHAVE_XML_HAS_FEATURE=1 -DUSE_R=1 -D_R_=1  -DHAVE_VALIDITY=1 -DXML_REF_COUNT_NODES=1  -I. -DLIBXML2=1     -fpic  -g -O2 -fdebug-prefix-map=/build/r-base-Fuvi9C/r-base-4.0.3=. -fstack-protector-strong -Wformat -Werror=format-security -Wdate-time -D_FORTIFY_SOURCE=2 -g  -c fixNS.c -o fixNS.o
gcc -std=gnu99 -I"/usr/share/R/include" -DNDEBUG -DLIBXML -I/usr/include/libxml2 -DUSE_EXTERNAL_SUBSET=1 -DROOT_HAS_DTD_NODE=1 -DDUMP_WITH_ENCODING=1 -DUSE_XML_VERSION_H=1 -DXML_ELEMENT_ETYPE=1 -DXML_ATTRIBUTE_ATYPE=1 -DNO_XML_HASH_SCANNER_RETURN=1 -DLIBXML_NAMESPACE_HAS_CONTEXT=1 -DHAVE_XML_WITH_ZLIB=1 -DHAVE_XML_HAS_FEATURE=1 -DUSE_R=1 -D_R_=1  -DHAVE_VALIDITY=1 -DXML_REF_COUNT_NODES=1  -I. -DLIBXML2=1     -fpic  -g -O2 -fdebug-prefix-map=/build/r-base-Fuvi9C/r-base-4.0.3=. -fstack-protector-strong -Wformat -Werror=format-security -Wdate-time -D_FORTIFY_SOURCE=2 -g  -c libxmlFeatures.c -o libxmlFeatures.o
gcc -std=gnu99 -I"/usr/share/R/include" -DNDEBUG -DLIBXML -I/usr/include/libxml2 -DUSE_EXTERNAL_SUBSET=1 -DROOT_HAS_DTD_NODE=1 -DDUMP_WITH_ENCODING=1 -DUSE_XML_VERSION_H=1 -DXML_ELEMENT_ETYPE=1 -DXML_ATTRIBUTE_ATYPE=1 -DNO_XML_HASH_SCANNER_RETURN=1 -DLIBXML_NAMESPACE_HAS_CONTEXT=1 -DHAVE_XML_WITH_ZLIB=1 -DHAVE_XML_HAS_FEATURE=1 -DUSE_R=1 -D_R_=1  -DHAVE_VALIDITY=1 -DXML_REF_COUNT_NODES=1  -I. -DLIBXML2=1     -fpic  -g -O2 -fdebug-prefix-map=/build/r-base-Fuvi9C/r-base-4.0.3=. -fstack-protector-strong -Wformat -Werror=format-security -Wdate-time -D_FORTIFY_SOURCE=2 -g  -c schema.c -o schema.o
gcc -std=gnu99 -I"/usr/share/R/include" -DNDEBUG -DLIBXML -I/usr/include/libxml2 -DUSE_EXTERNAL_SUBSET=1 -DROOT_HAS_DTD_NODE=1 -DDUMP_WITH_ENCODING=1 -DUSE_XML_VERSION_H=1 -DXML_ELEMENT_ETYPE=1 -DXML_ATTRIBUTE_ATYPE=1 -DNO_XML_HASH_SCANNER_RETURN=1 -DLIBXML_NAMESPACE_HAS_CONTEXT=1 -DHAVE_XML_WITH_ZLIB=1 -DHAVE_XML_HAS_FEATURE=1 -DUSE_R=1 -D_R_=1  -DHAVE_VALIDITY=1 -DXML_REF_COUNT_NODES=1  -I. -DLIBXML2=1     -fpic  -g -O2 -fdebug-prefix-map=/build/r-base-Fuvi9C/r-base-4.0.3=. -fstack-protector-strong -Wformat -Werror=format-security -Wdate-time -D_FORTIFY_SOURCE=2 -g  -c xmlsecurity.c -o xmlsecurity.o
gcc -std=gnu99 -I"/usr/share/R/include" -DNDEBUG -DLIBXML -I/usr/include/libxml2 -DUSE_EXTERNAL_SUBSET=1 -DROOT_HAS_DTD_NODE=1 -DDUMP_WITH_ENCODING=1 -DUSE_XML_VERSION_H=1 -DXML_ELEMENT_ETYPE=1 -DXML_ATTRIBUTE_ATYPE=1 -DNO_XML_HASH_SCANNER_RETURN=1 -DLIBXML_NAMESPACE_HAS_CONTEXT=1 -DHAVE_XML_WITH_ZLIB=1 -DHAVE_XML_HAS_FEATURE=1 -DUSE_R=1 -D_R_=1  -DHAVE_VALIDITY=1 -DXML_REF_COUNT_NODES=1  -I. -DLIBXML2=1     -fpic  -g -O2 -fdebug-prefix-map=/build/r-base-Fuvi9C/r-base-4.0.3=. -fstack-protector-strong -Wformat -Werror=format-security -Wdate-time -D_FORTIFY_SOURCE=2 -g  -c xpath.c -o xpath.o
gcc -std=gnu99 -shared -L/usr/lib/R/lib -Wl,-Bsymbolic-functions -Wl,-z,relro -o XML.so DocParse.o EventParse.o ExpatParse.o HTMLParse.o NodeGC.o RSDTD.o RUtils.o Rcatalog.o Utils.o XMLEventParse.o XMLHashTree.o XMLTree.o fixNS.o libxmlFeatures.o schema.o xmlsecurity.o xpath.o -lxml2 -lz -lxml2 -L/usr/lib/R/lib -lR
installing to /usr/local/lib/R/site-library/00LOCK-XML/00new/XML/libs
** R
** inst
** byte-compile and prepare package for lazy loading
Creating a generic function for ‘source’ from package ‘base’ in package ‘XML’
in method for ‘xmlAttrsToDataFrame’ with signature ‘"AsIs"’: no definition for class “AsIs”
in method for ‘readKeyValueDB’ with signature ‘"AsIs"’: no definition for class “AsIs”
in method for ‘readSolrDoc’ with signature ‘"AsIs"’: no definition for class “AsIs”
** help
*** installing help indices
** building package indices
** testing if installed package can be loaded from temporary location
** checking absolute paths in shared objects and dynamic libraries
** testing if installed package can be loaded from final location
** testing if installed package keeps a record of temporary installation path
* DONE (XML)
* installing *source* package ‘rappdirs’ ...
** package ‘rappdirs’ successfully unpacked and MD5 sums checked
** using staged installation
** libs
gcc -std=gnu99 -I"/usr/share/R/include" -DNDEBUG      -fpic  -g -O2 -fdebug-prefix-map=/build/r-base-Fuvi9C/r-base-4.0.3=. -fstack-protector-strong -Wformat -Werror=format-security -Wdate-time -D_FORTIFY_SOURCE=2 -g  -c win-path.c -o win-path.o
gcc -std=gnu99 -shared -L/usr/lib/R/lib -Wl,-Bsymbolic-functions -Wl,-z,relro -o rappdirs.so win-path.o -L/usr/lib/R/lib -lR
installing to /usr/local/lib/R/site-library/00LOCK-rappdirs/00new/rappdirs/libs
** R
** byte-compile and prepare package for lazy loading
** help
*** installing help indices
** building package indices
** testing if installed package can be loaded from temporary location
** checking absolute paths in shared objects and dynamic libraries
** testing if installed package can be loaded from final location
** testing if installed package keeps a record of temporary installation path
* DONE (rappdirs)
* installing *source* package ‘BiocVersion’ ...
** using staged installation
** help
*** installing help indices
** building package indices
** testing if installed package can be loaded from temporary location
** testing if installed package can be loaded from final location
** testing if installed package keeps a record of temporary installation path
* DONE (BiocVersion)
* installing *source* package ‘bit64’ ...
** package ‘bit64’ successfully unpacked and MD5 sums checked
** using staged installation
** libs
gcc -std=gnu99 -I"/usr/share/R/include" -DNDEBUG      -fpic  -g -O2 -fdebug-prefix-map=/build/r-base-Fuvi9C/r-base-4.0.3=. -fstack-protector-strong -Wformat -Werror=format-security -Wdate-time -D_FORTIFY_SOURCE=2 -g  -c bsearch.c -o bsearch.o
gcc -std=gnu99 -I"/usr/share/R/include" -DNDEBUG      -fpic  -g -O2 -fdebug-prefix-map=/build/r-base-Fuvi9C/r-base-4.0.3=. -fstack-protector-strong -Wformat -Werror=format-security -Wdate-time -D_FORTIFY_SOURCE=2 -g  -c cache.c -o cache.o
gcc -std=gnu99 -I"/usr/share/R/include" -DNDEBUG      -fpic  -g -O2 -fdebug-prefix-map=/build/r-base-Fuvi9C/r-base-4.0.3=. -fstack-protector-strong -Wformat -Werror=format-security -Wdate-time -D_FORTIFY_SOURCE=2 -g  -c hash64.c -o hash64.o
gcc -std=gnu99 -I"/usr/share/R/include" -DNDEBUG      -fpic  -g -O2 -fdebug-prefix-map=/build/r-base-Fuvi9C/r-base-4.0.3=. -fstack-protector-strong -Wformat -Werror=format-security -Wdate-time -D_FORTIFY_SOURCE=2 -g  -c init.c -o init.o
gcc -std=gnu99 -I"/usr/share/R/include" -DNDEBUG      -fpic  -g -O2 -fdebug-prefix-map=/build/r-base-Fuvi9C/r-base-4.0.3=. -fstack-protector-strong -Wformat -Werror=format-security -Wdate-time -D_FORTIFY_SOURCE=2 -g  -c integer64.c -o integer64.o
gcc -std=gnu99 -I"/usr/share/R/include" -DNDEBUG      -fpic  -g -O2 -fdebug-prefix-map=/build/r-base-Fuvi9C/r-base-4.0.3=. -fstack-protector-strong -Wformat -Werror=format-security -Wdate-time -D_FORTIFY_SOURCE=2 -g  -c sort64.c -o sort64.o
gcc -std=gnu99 -I"/usr/share/R/include" -DNDEBUG      -fpic  -g -O2 -fdebug-prefix-map=/build/r-base-Fuvi9C/r-base-4.0.3=. -fstack-protector-strong -Wformat -Werror=format-security -Wdate-time -D_FORTIFY_SOURCE=2 -g  -c sortuse64.c -o sortuse64.o
gcc -std=gnu99 -shared -L/usr/lib/R/lib -Wl,-Bsymbolic-functions -Wl,-z,relro -o bit64.so bsearch.o cache.o hash64.o init.o integer64.o sort64.o sortuse64.o -lm -L/usr/lib/R/lib -lR
installing to /usr/local/lib/R/site-library/00LOCK-bit64/00new/bit64/libs
** R
** data
** exec
** inst
** byte-compile and prepare package for lazy loading
** help
*** installing help indices
** building package indices
** testing if installed package can be loaded from temporary location
** checking absolute paths in shared objects and dynamic libraries
** testing if installed package can be loaded from final location
** testing if installed package keeps a record of temporary installation path
* DONE (bit64)
* installing *source* package ‘Biobase’ ...
** using staged installation
** libs
gcc -std=gnu99 -I"/usr/share/R/include" -DNDEBUG      -fpic  -g -O2 -fdebug-prefix-map=/build/r-base-Fuvi9C/r-base-4.0.3=. -fstack-protector-strong -Wformat -Werror=format-security -Wdate-time -D_FORTIFY_SOURCE=2 -g  -c Rinit.c -o Rinit.o
gcc -std=gnu99 -I"/usr/share/R/include" -DNDEBUG      -fpic  -g -O2 -fdebug-prefix-map=/build/r-base-Fuvi9C/r-base-4.0.3=. -fstack-protector-strong -Wformat -Werror=format-security -Wdate-time -D_FORTIFY_SOURCE=2 -g  -c anyMissing.c -o anyMissing.o
gcc -std=gnu99 -I"/usr/share/R/include" -DNDEBUG      -fpic  -g -O2 -fdebug-prefix-map=/build/r-base-Fuvi9C/r-base-4.0.3=. -fstack-protector-strong -Wformat -Werror=format-security -Wdate-time -D_FORTIFY_SOURCE=2 -g  -c envir.c -o envir.o
gcc -std=gnu99 -I"/usr/share/R/include" -DNDEBUG      -fpic  -g -O2 -fdebug-prefix-map=/build/r-base-Fuvi9C/r-base-4.0.3=. -fstack-protector-strong -Wformat -Werror=format-security -Wdate-time -D_FORTIFY_SOURCE=2 -g  -c matchpt.c -o matchpt.o
gcc -std=gnu99 -I"/usr/share/R/include" -DNDEBUG      -fpic  -g -O2 -fdebug-prefix-map=/build/r-base-Fuvi9C/r-base-4.0.3=. -fstack-protector-strong -Wformat -Werror=format-security -Wdate-time -D_FORTIFY_SOURCE=2 -g  -c rowMedians.c -o rowMedians.o
gcc -std=gnu99 -I"/usr/share/R/include" -DNDEBUG      -fpic  -g -O2 -fdebug-prefix-map=/build/r-base-Fuvi9C/r-base-4.0.3=. -fstack-protector-strong -Wformat -Werror=format-security -Wdate-time -D_FORTIFY_SOURCE=2 -g  -c sublist_extract.c -o sublist_extract.o
gcc -std=gnu99 -shared -L/usr/lib/R/lib -Wl,-Bsymbolic-functions -Wl,-z,relro -o Biobase.so Rinit.o anyMissing.o envir.o matchpt.o rowMedians.o sublist_extract.o -L/usr/lib/R/lib -lR
installing to /usr/local/lib/R/site-library/00LOCK-Biobase/00new/Biobase/libs
** R
** data
** inst
** byte-compile and prepare package for lazy loading
** help
*** installing help indices
** building package indices
** installing vignettes
** testing if installed package can be loaded from temporary location
** checking absolute paths in shared objects and dynamic libraries
** testing if installed package can be loaded from final location
** testing if installed package keeps a record of temporary installation path
* DONE (Biobase)
* installing *source* package ‘S4Vectors’ ...
** using staged installation
** libs
gcc -std=gnu99 -I"/usr/share/R/include" -DNDEBUG      -fpic  -g -O2 -fdebug-prefix-map=/build/r-base-Fuvi9C/r-base-4.0.3=. -fstack-protector-strong -Wformat -Werror=format-security -Wdate-time -D_FORTIFY_SOURCE=2 -g  -c AEbufs.c -o AEbufs.o
gcc -std=gnu99 -I"/usr/share/R/include" -DNDEBUG      -fpic  -g -O2 -fdebug-prefix-map=/build/r-base-Fuvi9C/r-base-4.0.3=. -fstack-protector-strong -Wformat -Werror=format-security -Wdate-time -D_FORTIFY_SOURCE=2 -g  -c DataFrame_class.c -o DataFrame_class.o
gcc -std=gnu99 -I"/usr/share/R/include" -DNDEBUG      -fpic  -g -O2 -fdebug-prefix-map=/build/r-base-Fuvi9C/r-base-4.0.3=. -fstack-protector-strong -Wformat -Werror=format-security -Wdate-time -D_FORTIFY_SOURCE=2 -g  -c Hits_class.c -o Hits_class.o
gcc -std=gnu99 -I"/usr/share/R/include" -DNDEBUG      -fpic  -g -O2 -fdebug-prefix-map=/build/r-base-Fuvi9C/r-base-4.0.3=. -fstack-protector-strong -Wformat -Werror=format-security -Wdate-time -D_FORTIFY_SOURCE=2 -g  -c LLint_class.c -o LLint_class.o
gcc -std=gnu99 -I"/usr/share/R/include" -DNDEBUG      -fpic  -g -O2 -fdebug-prefix-map=/build/r-base-Fuvi9C/r-base-4.0.3=. -fstack-protector-strong -Wformat -Werror=format-security -Wdate-time -D_FORTIFY_SOURCE=2 -g  -c List_class.c -o List_class.o
gcc -std=gnu99 -I"/usr/share/R/include" -DNDEBUG      -fpic  -g -O2 -fdebug-prefix-map=/build/r-base-Fuvi9C/r-base-4.0.3=. -fstack-protector-strong -Wformat -Werror=format-security -Wdate-time -D_FORTIFY_SOURCE=2 -g  -c R_init_S4Vectors.c -o R_init_S4Vectors.o
gcc -std=gnu99 -I"/usr/share/R/include" -DNDEBUG      -fpic  -g -O2 -fdebug-prefix-map=/build/r-base-Fuvi9C/r-base-4.0.3=. -fstack-protector-strong -Wformat -Werror=format-security -Wdate-time -D_FORTIFY_SOURCE=2 -g  -c Rle_class.c -o Rle_class.o
gcc -std=gnu99 -I"/usr/share/R/include" -DNDEBUG      -fpic  -g -O2 -fdebug-prefix-map=/build/r-base-Fuvi9C/r-base-4.0.3=. -fstack-protector-strong -Wformat -Werror=format-security -Wdate-time -D_FORTIFY_SOURCE=2 -g  -c Rle_utils.c -o Rle_utils.o
gcc -std=gnu99 -I"/usr/share/R/include" -DNDEBUG      -fpic  -g -O2 -fdebug-prefix-map=/build/r-base-Fuvi9C/r-base-4.0.3=. -fstack-protector-strong -Wformat -Werror=format-security -Wdate-time -D_FORTIFY_SOURCE=2 -g  -c SEXP_utils.c -o SEXP_utils.o
gcc -std=gnu99 -I"/usr/share/R/include" -DNDEBUG      -fpic  -g -O2 -fdebug-prefix-map=/build/r-base-Fuvi9C/r-base-4.0.3=. -fstack-protector-strong -Wformat -Werror=format-security -Wdate-time -D_FORTIFY_SOURCE=2 -g  -c SimpleList_class.c -o SimpleList_class.o
gcc -std=gnu99 -I"/usr/share/R/include" -DNDEBUG      -fpic  -g -O2 -fdebug-prefix-map=/build/r-base-Fuvi9C/r-base-4.0.3=. -fstack-protector-strong -Wformat -Werror=format-security -Wdate-time -D_FORTIFY_SOURCE=2 -g  -c anyMissing.c -o anyMissing.o
gcc -std=gnu99 -I"/usr/share/R/include" -DNDEBUG      -fpic  -g -O2 -fdebug-prefix-map=/build/r-base-Fuvi9C/r-base-4.0.3=. -fstack-protector-strong -Wformat -Werror=format-security -Wdate-time -D_FORTIFY_SOURCE=2 -g  -c character_utils.c -o character_utils.o
gcc -std=gnu99 -I"/usr/share/R/include" -DNDEBUG      -fpic  -g -O2 -fdebug-prefix-map=/build/r-base-Fuvi9C/r-base-4.0.3=. -fstack-protector-strong -Wformat -Werror=format-security -Wdate-time -D_FORTIFY_SOURCE=2 -g  -c eval_utils.c -o eval_utils.o
gcc -std=gnu99 -I"/usr/share/R/include" -DNDEBUG      -fpic  -g -O2 -fdebug-prefix-map=/build/r-base-Fuvi9C/r-base-4.0.3=. -fstack-protector-strong -Wformat -Werror=format-security -Wdate-time -D_FORTIFY_SOURCE=2 -g  -c hash_utils.c -o hash_utils.o
gcc -std=gnu99 -I"/usr/share/R/include" -DNDEBUG      -fpic  -g -O2 -fdebug-prefix-map=/build/r-base-Fuvi9C/r-base-4.0.3=. -fstack-protector-strong -Wformat -Werror=format-security -Wdate-time -D_FORTIFY_SOURCE=2 -g  -c integer_utils.c -o integer_utils.o
gcc -std=gnu99 -I"/usr/share/R/include" -DNDEBUG      -fpic  -g -O2 -fdebug-prefix-map=/build/r-base-Fuvi9C/r-base-4.0.3=. -fstack-protector-strong -Wformat -Werror=format-security -Wdate-time -D_FORTIFY_SOURCE=2 -g  -c logical_utils.c -o logical_utils.o
gcc -std=gnu99 -I"/usr/share/R/include" -DNDEBUG      -fpic  -g -O2 -fdebug-prefix-map=/build/r-base-Fuvi9C/r-base-4.0.3=. -fstack-protector-strong -Wformat -Werror=format-security -Wdate-time -D_FORTIFY_SOURCE=2 -g  -c map_ranges_to_runs.c -o map_ranges_to_runs.o
gcc -std=gnu99 -I"/usr/share/R/include" -DNDEBUG      -fpic  -g -O2 -fdebug-prefix-map=/build/r-base-Fuvi9C/r-base-4.0.3=. -fstack-protector-strong -Wformat -Werror=format-security -Wdate-time -D_FORTIFY_SOURCE=2 -g  -c raw_utils.c -o raw_utils.o
gcc -std=gnu99 -I"/usr/share/R/include" -DNDEBUG      -fpic  -g -O2 -fdebug-prefix-map=/build/r-base-Fuvi9C/r-base-4.0.3=. -fstack-protector-strong -Wformat -Werror=format-security -Wdate-time -D_FORTIFY_SOURCE=2 -g  -c safe_arithm.c -o safe_arithm.o
gcc -std=gnu99 -I"/usr/share/R/include" -DNDEBUG      -fpic  -g -O2 -fdebug-prefix-map=/build/r-base-Fuvi9C/r-base-4.0.3=. -fstack-protector-strong -Wformat -Werror=format-security -Wdate-time -D_FORTIFY_SOURCE=2 -g  -c sort_utils.c -o sort_utils.o
gcc -std=gnu99 -I"/usr/share/R/include" -DNDEBUG      -fpic  -g -O2 -fdebug-prefix-map=/build/r-base-Fuvi9C/r-base-4.0.3=. -fstack-protector-strong -Wformat -Werror=format-security -Wdate-time -D_FORTIFY_SOURCE=2 -g  -c subsetting_utils.c -o subsetting_utils.o
gcc -std=gnu99 -I"/usr/share/R/include" -DNDEBUG      -fpic  -g -O2 -fdebug-prefix-map=/build/r-base-Fuvi9C/r-base-4.0.3=. -fstack-protector-strong -Wformat -Werror=format-security -Wdate-time -D_FORTIFY_SOURCE=2 -g  -c vector_utils.c -o vector_utils.o
gcc -std=gnu99 -shared -L/usr/lib/R/lib -Wl,-Bsymbolic-functions -Wl,-z,relro -o S4Vectors.so AEbufs.o DataFrame_class.o Hits_class.o LLint_class.o List_class.o R_init_S4Vectors.o Rle_class.o Rle_utils.o SEXP_utils.o SimpleList_class.o anyMissing.o character_utils.o eval_utils.o hash_utils.o integer_utils.o logical_utils.o map_ranges_to_runs.o raw_utils.o safe_arithm.o sort_utils.o subsetting_utils.o vector_utils.o -L/usr/lib/R/lib -lR
installing to /usr/local/lib/R/site-library/00LOCK-S4Vectors/00new/S4Vectors/libs
** R
** inst
** byte-compile and prepare package for lazy loading
in method for ‘normalizeSingleBracketReplacementValue’ with signature ‘"List"’: no definition for class “List”
Creating a new generic function for ‘expand.grid’ in package ‘S4Vectors’
Creating a new generic function for ‘findMatches’ in package ‘S4Vectors’
Creating a generic function for ‘setequal’ from package ‘base’ in package ‘S4Vectors’
in method for ‘coerce’ with signature ‘"Hits","DFrame"’: no definition for class “DFrame”
Creating a generic function for ‘as.factor’ from package ‘base’ in package ‘S4Vectors’
Creating a generic function for ‘tabulate’ from package ‘base’ in package ‘S4Vectors’
Creating a generic function for ‘cov’ from package ‘stats’ in package ‘S4Vectors’
Creating a generic function for ‘cor’ from package ‘stats’ in package ‘S4Vectors’
Creating a generic function for ‘smoothEnds’ from package ‘stats’ in package ‘S4Vectors’
Creating a generic function for ‘runmed’ from package ‘stats’ in package ‘S4Vectors’
Creating a generic function for ‘nchar’ from package ‘base’ in package ‘S4Vectors’
Creating a generic function for ‘substr’ from package ‘base’ in package ‘S4Vectors’
Creating a generic function for ‘substring’ from package ‘base’ in package ‘S4Vectors’
Creating a generic function for ‘chartr’ from package ‘base’ in package ‘S4Vectors’
Creating a generic function for ‘tolower’ from package ‘base’ in package ‘S4Vectors’
Creating a generic function for ‘toupper’ from package ‘base’ in package ‘S4Vectors’
Creating a generic function for ‘sub’ from package ‘base’ in package ‘S4Vectors’
Creating a generic function for ‘gsub’ from package ‘base’ in package ‘S4Vectors’
Creating a generic function for ‘nlevels’ from package ‘base’ in package ‘S4Vectors’
in method for ‘coerce’ with signature ‘"data.table","DFrame"’: no definition for class “data.table”
Creating a generic function for ‘complete.cases’ from package ‘stats’ in package ‘S4Vectors’
** help
*** installing help indices
** building package indices
** installing vignettes
** testing if installed package can be loaded from temporary location
** checking absolute paths in shared objects and dynamic libraries
** testing if installed package can be loaded from final location
** testing if installed package keeps a record of temporary installation path
* DONE (S4Vectors)
* installing *source* package ‘IRanges’ ...
** using staged installation
** libs
gcc -std=gnu99 -I"/usr/share/R/include" -DNDEBUG  -I'/usr/local/lib/R/site-library/S4Vectors/include'    -fpic  -g -O2 -fdebug-prefix-map=/build/r-base-Fuvi9C/r-base-4.0.3=. -fstack-protector-strong -Wformat -Werror=format-security -Wdate-time -D_FORTIFY_SOURCE=2 -g  -c CompressedAtomicList_utils.c -o CompressedAtomicList_utils.o
gcc -std=gnu99 -I"/usr/share/R/include" -DNDEBUG  -I'/usr/local/lib/R/site-library/S4Vectors/include'    -fpic  -g -O2 -fdebug-prefix-map=/build/r-base-Fuvi9C/r-base-4.0.3=. -fstack-protector-strong -Wformat -Werror=format-security -Wdate-time -D_FORTIFY_SOURCE=2 -g  -c CompressedIRangesList_class.c -o CompressedIRangesList_class.o
gcc -std=gnu99 -I"/usr/share/R/include" -DNDEBUG  -I'/usr/local/lib/R/site-library/S4Vectors/include'    -fpic  -g -O2 -fdebug-prefix-map=/build/r-base-Fuvi9C/r-base-4.0.3=. -fstack-protector-strong -Wformat -Werror=format-security -Wdate-time -D_FORTIFY_SOURCE=2 -g  -c CompressedList_class.c -o CompressedList_class.o
gcc -std=gnu99 -I"/usr/share/R/include" -DNDEBUG  -I'/usr/local/lib/R/site-library/S4Vectors/include'    -fpic  -g -O2 -fdebug-prefix-map=/build/r-base-Fuvi9C/r-base-4.0.3=. -fstack-protector-strong -Wformat -Werror=format-security -Wdate-time -D_FORTIFY_SOURCE=2 -g  -c Grouping_class.c -o Grouping_class.o
gcc -std=gnu99 -I"/usr/share/R/include" -DNDEBUG  -I'/usr/local/lib/R/site-library/S4Vectors/include'    -fpic  -g -O2 -fdebug-prefix-map=/build/r-base-Fuvi9C/r-base-4.0.3=. -fstack-protector-strong -Wformat -Werror=format-security -Wdate-time -D_FORTIFY_SOURCE=2 -g  -c IPosRanges_comparison.c -o IPosRanges_comparison.o
gcc -std=gnu99 -I"/usr/share/R/include" -DNDEBUG  -I'/usr/local/lib/R/site-library/S4Vectors/include'    -fpic  -g -O2 -fdebug-prefix-map=/build/r-base-Fuvi9C/r-base-4.0.3=. -fstack-protector-strong -Wformat -Werror=format-security -Wdate-time -D_FORTIFY_SOURCE=2 -g  -c IRanges_class.c -o IRanges_class.o
gcc -std=gnu99 -I"/usr/share/R/include" -DNDEBUG  -I'/usr/local/lib/R/site-library/S4Vectors/include'    -fpic  -g -O2 -fdebug-prefix-map=/build/r-base-Fuvi9C/r-base-4.0.3=. -fstack-protector-strong -Wformat -Werror=format-security -Wdate-time -D_FORTIFY_SOURCE=2 -g  -c IRanges_constructor.c -o IRanges_constructor.o
gcc -std=gnu99 -I"/usr/share/R/include" -DNDEBUG  -I'/usr/local/lib/R/site-library/S4Vectors/include'    -fpic  -g -O2 -fdebug-prefix-map=/build/r-base-Fuvi9C/r-base-4.0.3=. -fstack-protector-strong -Wformat -Werror=format-security -Wdate-time -D_FORTIFY_SOURCE=2 -g  -c NCList.c -o NCList.o
NCList.c: In function ‘C_print_NCListAsINTSXP’:
NCList.c:674:23: warning: ‘%d’ directive writing between 1 and 11 bytes into a region of size 8 [-Wformat-overflow=]
  674 |   sprintf(format, "%c0%d%c", '%', max_digits, 'd');
      |                       ^~
NCList.c:674:19: note: directive argument in the range [-2147483647, 2147483647]
  674 |   sprintf(format, "%c0%d%c", '%', max_digits, 'd');
      |                   ^~~~~~~~~
In file included from /usr/include/stdio.h:866,
                 from /usr/share/R/include/Rinternals.h:39,
                 from /usr/share/R/include/Rdefines.h:40,
                 from /usr/local/lib/R/site-library/S4Vectors/include/S4Vectors_defines.h:18,
                 from ../inst/include/IRanges_defines.h:18,
                 from IRanges.h:1,
                 from NCList.c:5:
/usr/include/x86_64-linux-gnu/bits/stdio2.h:38:10: note: ‘__builtin___sprintf_chk’ output between 5 and 15 bytes into a destination of size 10
   38 |   return __builtin___sprintf_chk (__s, __USE_FORTIFY_LEVEL - 1,
      |          ^~~~~~~~~~~~~~~~~~~~~~~~~~~~~~~~~~~~~~~~~~~~~~~~~~~~~~
   39 |       __bos (__s), __fmt, __va_arg_pack ());
      |       ~~~~~~~~~~~~~~~~~~~~~~~~~~~~~~~~~~~~~
gcc -std=gnu99 -I"/usr/share/R/include" -DNDEBUG  -I'/usr/local/lib/R/site-library/S4Vectors/include'    -fpic  -g -O2 -fdebug-prefix-map=/build/r-base-Fuvi9C/r-base-4.0.3=. -fstack-protector-strong -Wformat -Werror=format-security -Wdate-time -D_FORTIFY_SOURCE=2 -g  -c R_init_IRanges.c -o R_init_IRanges.o
gcc -std=gnu99 -I"/usr/share/R/include" -DNDEBUG  -I'/usr/local/lib/R/site-library/S4Vectors/include'    -fpic  -g -O2 -fdebug-prefix-map=/build/r-base-Fuvi9C/r-base-4.0.3=. -fstack-protector-strong -Wformat -Werror=format-security -Wdate-time -D_FORTIFY_SOURCE=2 -g  -c Ranges_class.c -o Ranges_class.o
gcc -std=gnu99 -I"/usr/share/R/include" -DNDEBUG  -I'/usr/local/lib/R/site-library/S4Vectors/include'    -fpic  -g -O2 -fdebug-prefix-map=/build/r-base-Fuvi9C/r-base-4.0.3=. -fstack-protector-strong -Wformat -Werror=format-security -Wdate-time -D_FORTIFY_SOURCE=2 -g  -c RleViews_utils.c -o RleViews_utils.o
gcc -std=gnu99 -I"/usr/share/R/include" -DNDEBUG  -I'/usr/local/lib/R/site-library/S4Vectors/include'    -fpic  -g -O2 -fdebug-prefix-map=/build/r-base-Fuvi9C/r-base-4.0.3=. -fstack-protector-strong -Wformat -Werror=format-security -Wdate-time -D_FORTIFY_SOURCE=2 -g  -c S4Vectors_stubs.c -o S4Vectors_stubs.o
gcc -std=gnu99 -I"/usr/share/R/include" -DNDEBUG  -I'/usr/local/lib/R/site-library/S4Vectors/include'    -fpic  -g -O2 -fdebug-prefix-map=/build/r-base-Fuvi9C/r-base-4.0.3=. -fstack-protector-strong -Wformat -Werror=format-security -Wdate-time -D_FORTIFY_SOURCE=2 -g  -c SimpleIRangesList_class.c -o SimpleIRangesList_class.o
gcc -std=gnu99 -I"/usr/share/R/include" -DNDEBUG  -I'/usr/local/lib/R/site-library/S4Vectors/include'    -fpic  -g -O2 -fdebug-prefix-map=/build/r-base-Fuvi9C/r-base-4.0.3=. -fstack-protector-strong -Wformat -Werror=format-security -Wdate-time -D_FORTIFY_SOURCE=2 -g  -c coverage_methods.c -o coverage_methods.o
gcc -std=gnu99 -I"/usr/share/R/include" -DNDEBUG  -I'/usr/local/lib/R/site-library/S4Vectors/include'    -fpic  -g -O2 -fdebug-prefix-map=/build/r-base-Fuvi9C/r-base-4.0.3=. -fstack-protector-strong -Wformat -Werror=format-security -Wdate-time -D_FORTIFY_SOURCE=2 -g  -c extractListFragments.c -o extractListFragments.o
gcc -std=gnu99 -I"/usr/share/R/include" -DNDEBUG  -I'/usr/local/lib/R/site-library/S4Vectors/include'    -fpic  -g -O2 -fdebug-prefix-map=/build/r-base-Fuvi9C/r-base-4.0.3=. -fstack-protector-strong -Wformat -Werror=format-security -Wdate-time -D_FORTIFY_SOURCE=2 -g  -c inter_range_methods.c -o inter_range_methods.o
gcc -std=gnu99 -shared -L/usr/lib/R/lib -Wl,-Bsymbolic-functions -Wl,-z,relro -o IRanges.so CompressedAtomicList_utils.o CompressedIRangesList_class.o CompressedList_class.o Grouping_class.o IPosRanges_comparison.o IRanges_class.o IRanges_constructor.o NCList.o R_init_IRanges.o Ranges_class.o RleViews_utils.o S4Vectors_stubs.o SimpleIRangesList_class.o coverage_methods.o extractListFragments.o inter_range_methods.o -L/usr/lib/R/lib -lR
installing to /usr/local/lib/R/site-library/00LOCK-IRanges/00new/IRanges/libs
** R
** inst
** byte-compile and prepare package for lazy loading
Creating a generic function for ‘drop’ from package ‘base’ in package ‘IRanges’
Creating a generic function for ‘runmed’ from package ‘stats’ in package ‘IRanges’
Creating a generic function for ‘chartr’ from package ‘base’ in package ‘IRanges’
Creating a generic function for ‘toupper’ from package ‘base’ in package ‘IRanges’
Creating a generic function for ‘tolower’ from package ‘base’ in package ‘IRanges’
Creating a generic function for ‘sub’ from package ‘base’ in package ‘IRanges’
Creating a generic function for ‘gsub’ from package ‘base’ in package ‘IRanges’
Creating a generic function for ‘startsWith’ from package ‘base’ in package ‘IRanges’
Creating a generic function for ‘endsWith’ from package ‘base’ in package ‘IRanges’
Creating a generic function for ‘smoothEnds’ from package ‘stats’ in package ‘IRanges’
** help
*** installing help indices
** building package indices
** installing vignettes
** testing if installed package can be loaded from temporary location
** checking absolute paths in shared objects and dynamic libraries
** testing if installed package can be loaded from final location
** testing if installed package keeps a record of temporary installation path
* DONE (IRanges)
* installing *source* package ‘RSQLite’ ...
** package ‘RSQLite’ successfully unpacked and MD5 sums checked
** using staged installation
** libs
g++ -std=gnu++11 -I"/usr/share/R/include" -DNDEBUG -I. -DRSQLITE_USE_BUNDLED_SQLITE -DSQLITE_ENABLE_RTREE -DSQLITE_ENABLE_FTS3 -DSQLITE_ENABLE_FTS3_PARENTHESIS -DSQLITE_ENABLE_FTS5 -DSQLITE_ENABLE_JSON1 -DSQLITE_ENABLE_STAT4 -DSQLITE_SOUNDEX -DRCPP_DEFAULT_INCLUDE_CALL=false -DRCPP_USING_UTF8_ERROR_STRING -DBOOST_NO_AUTO_PTR -DSQLITE_MAX_LENGTH=2147483647 -I'/usr/local/lib/R/site-library/BH/include' -I'/usr/local/lib/R/site-library/plogr/include' -I'/usr/local/lib/R/site-library/Rcpp/include'   -fvisibility=hidden -fpic  -g -O2 -fdebug-prefix-map=/build/r-base-Fuvi9C/r-base-4.0.3=. -fstack-protector-strong -Wformat -Werror=format-security -Wdate-time -D_FORTIFY_SOURCE=2 -g  -c DbColumn.cpp -o DbColumn.o
g++ -std=gnu++11 -I"/usr/share/R/include" -DNDEBUG -I. -DRSQLITE_USE_BUNDLED_SQLITE -DSQLITE_ENABLE_RTREE -DSQLITE_ENABLE_FTS3 -DSQLITE_ENABLE_FTS3_PARENTHESIS -DSQLITE_ENABLE_FTS5 -DSQLITE_ENABLE_JSON1 -DSQLITE_ENABLE_STAT4 -DSQLITE_SOUNDEX -DRCPP_DEFAULT_INCLUDE_CALL=false -DRCPP_USING_UTF8_ERROR_STRING -DBOOST_NO_AUTO_PTR -DSQLITE_MAX_LENGTH=2147483647 -I'/usr/local/lib/R/site-library/BH/include' -I'/usr/local/lib/R/site-library/plogr/include' -I'/usr/local/lib/R/site-library/Rcpp/include'   -fvisibility=hidden -fpic  -g -O2 -fdebug-prefix-map=/build/r-base-Fuvi9C/r-base-4.0.3=. -fstack-protector-strong -Wformat -Werror=format-security -Wdate-time -D_FORTIFY_SOURCE=2 -g  -c DbColumnDataSource.cpp -o DbColumnDataSource.o
g++ -std=gnu++11 -I"/usr/share/R/include" -DNDEBUG -I. -DRSQLITE_USE_BUNDLED_SQLITE -DSQLITE_ENABLE_RTREE -DSQLITE_ENABLE_FTS3 -DSQLITE_ENABLE_FTS3_PARENTHESIS -DSQLITE_ENABLE_FTS5 -DSQLITE_ENABLE_JSON1 -DSQLITE_ENABLE_STAT4 -DSQLITE_SOUNDEX -DRCPP_DEFAULT_INCLUDE_CALL=false -DRCPP_USING_UTF8_ERROR_STRING -DBOOST_NO_AUTO_PTR -DSQLITE_MAX_LENGTH=2147483647 -I'/usr/local/lib/R/site-library/BH/include' -I'/usr/local/lib/R/site-library/plogr/include' -I'/usr/local/lib/R/site-library/Rcpp/include'   -fvisibility=hidden -fpic  -g -O2 -fdebug-prefix-map=/build/r-base-Fuvi9C/r-base-4.0.3=. -fstack-protector-strong -Wformat -Werror=format-security -Wdate-time -D_FORTIFY_SOURCE=2 -g  -c DbColumnDataSourceFactory.cpp -o DbColumnDataSourceFactory.o
g++ -std=gnu++11 -I"/usr/share/R/include" -DNDEBUG -I. -DRSQLITE_USE_BUNDLED_SQLITE -DSQLITE_ENABLE_RTREE -DSQLITE_ENABLE_FTS3 -DSQLITE_ENABLE_FTS3_PARENTHESIS -DSQLITE_ENABLE_FTS5 -DSQLITE_ENABLE_JSON1 -DSQLITE_ENABLE_STAT4 -DSQLITE_SOUNDEX -DRCPP_DEFAULT_INCLUDE_CALL=false -DRCPP_USING_UTF8_ERROR_STRING -DBOOST_NO_AUTO_PTR -DSQLITE_MAX_LENGTH=2147483647 -I'/usr/local/lib/R/site-library/BH/include' -I'/usr/local/lib/R/site-library/plogr/include' -I'/usr/local/lib/R/site-library/Rcpp/include'   -fvisibility=hidden -fpic  -g -O2 -fdebug-prefix-map=/build/r-base-Fuvi9C/r-base-4.0.3=. -fstack-protector-strong -Wformat -Werror=format-security -Wdate-time -D_FORTIFY_SOURCE=2 -g  -c DbColumnStorage.cpp -o DbColumnStorage.o
g++ -std=gnu++11 -I"/usr/share/R/include" -DNDEBUG -I. -DRSQLITE_USE_BUNDLED_SQLITE -DSQLITE_ENABLE_RTREE -DSQLITE_ENABLE_FTS3 -DSQLITE_ENABLE_FTS3_PARENTHESIS -DSQLITE_ENABLE_FTS5 -DSQLITE_ENABLE_JSON1 -DSQLITE_ENABLE_STAT4 -DSQLITE_SOUNDEX -DRCPP_DEFAULT_INCLUDE_CALL=false -DRCPP_USING_UTF8_ERROR_STRING -DBOOST_NO_AUTO_PTR -DSQLITE_MAX_LENGTH=2147483647 -I'/usr/local/lib/R/site-library/BH/include' -I'/usr/local/lib/R/site-library/plogr/include' -I'/usr/local/lib/R/site-library/Rcpp/include'   -fvisibility=hidden -fpic  -g -O2 -fdebug-prefix-map=/build/r-base-Fuvi9C/r-base-4.0.3=. -fstack-protector-strong -Wformat -Werror=format-security -Wdate-time -D_FORTIFY_SOURCE=2 -g  -c DbConnection.cpp -o DbConnection.o
g++ -std=gnu++11 -I"/usr/share/R/include" -DNDEBUG -I. -DRSQLITE_USE_BUNDLED_SQLITE -DSQLITE_ENABLE_RTREE -DSQLITE_ENABLE_FTS3 -DSQLITE_ENABLE_FTS3_PARENTHESIS -DSQLITE_ENABLE_FTS5 -DSQLITE_ENABLE_JSON1 -DSQLITE_ENABLE_STAT4 -DSQLITE_SOUNDEX -DRCPP_DEFAULT_INCLUDE_CALL=false -DRCPP_USING_UTF8_ERROR_STRING -DBOOST_NO_AUTO_PTR -DSQLITE_MAX_LENGTH=2147483647 -I'/usr/local/lib/R/site-library/BH/include' -I'/usr/local/lib/R/site-library/plogr/include' -I'/usr/local/lib/R/site-library/Rcpp/include'   -fvisibility=hidden -fpic  -g -O2 -fdebug-prefix-map=/build/r-base-Fuvi9C/r-base-4.0.3=. -fstack-protector-strong -Wformat -Werror=format-security -Wdate-time -D_FORTIFY_SOURCE=2 -g  -c DbDataFrame.cpp -o DbDataFrame.o
g++ -std=gnu++11 -I"/usr/share/R/include" -DNDEBUG -I. -DRSQLITE_USE_BUNDLED_SQLITE -DSQLITE_ENABLE_RTREE -DSQLITE_ENABLE_FTS3 -DSQLITE_ENABLE_FTS3_PARENTHESIS -DSQLITE_ENABLE_FTS5 -DSQLITE_ENABLE_JSON1 -DSQLITE_ENABLE_STAT4 -DSQLITE_SOUNDEX -DRCPP_DEFAULT_INCLUDE_CALL=false -DRCPP_USING_UTF8_ERROR_STRING -DBOOST_NO_AUTO_PTR -DSQLITE_MAX_LENGTH=2147483647 -I'/usr/local/lib/R/site-library/BH/include' -I'/usr/local/lib/R/site-library/plogr/include' -I'/usr/local/lib/R/site-library/Rcpp/include'   -fvisibility=hidden -fpic  -g -O2 -fdebug-prefix-map=/build/r-base-Fuvi9C/r-base-4.0.3=. -fstack-protector-strong -Wformat -Werror=format-security -Wdate-time -D_FORTIFY_SOURCE=2 -g  -c DbResult.cpp -o DbResult.o
g++ -std=gnu++11 -I"/usr/share/R/include" -DNDEBUG -I. -DRSQLITE_USE_BUNDLED_SQLITE -DSQLITE_ENABLE_RTREE -DSQLITE_ENABLE_FTS3 -DSQLITE_ENABLE_FTS3_PARENTHESIS -DSQLITE_ENABLE_FTS5 -DSQLITE_ENABLE_JSON1 -DSQLITE_ENABLE_STAT4 -DSQLITE_SOUNDEX -DRCPP_DEFAULT_INCLUDE_CALL=false -DRCPP_USING_UTF8_ERROR_STRING -DBOOST_NO_AUTO_PTR -DSQLITE_MAX_LENGTH=2147483647 -I'/usr/local/lib/R/site-library/BH/include' -I'/usr/local/lib/R/site-library/plogr/include' -I'/usr/local/lib/R/site-library/Rcpp/include'   -fvisibility=hidden -fpic  -g -O2 -fdebug-prefix-map=/build/r-base-Fuvi9C/r-base-4.0.3=. -fstack-protector-strong -Wformat -Werror=format-security -Wdate-time -D_FORTIFY_SOURCE=2 -g  -c RcppExports.cpp -o RcppExports.o
g++ -std=gnu++11 -I"/usr/share/R/include" -DNDEBUG -I. -DRSQLITE_USE_BUNDLED_SQLITE -DSQLITE_ENABLE_RTREE -DSQLITE_ENABLE_FTS3 -DSQLITE_ENABLE_FTS3_PARENTHESIS -DSQLITE_ENABLE_FTS5 -DSQLITE_ENABLE_JSON1 -DSQLITE_ENABLE_STAT4 -DSQLITE_SOUNDEX -DRCPP_DEFAULT_INCLUDE_CALL=false -DRCPP_USING_UTF8_ERROR_STRING -DBOOST_NO_AUTO_PTR -DSQLITE_MAX_LENGTH=2147483647 -I'/usr/local/lib/R/site-library/BH/include' -I'/usr/local/lib/R/site-library/plogr/include' -I'/usr/local/lib/R/site-library/Rcpp/include'   -fvisibility=hidden -fpic  -g -O2 -fdebug-prefix-map=/build/r-base-Fuvi9C/r-base-4.0.3=. -fstack-protector-strong -Wformat -Werror=format-security -Wdate-time -D_FORTIFY_SOURCE=2 -g  -c SqliteColumnDataSource.cpp -o SqliteColumnDataSource.o
g++ -std=gnu++11 -I"/usr/share/R/include" -DNDEBUG -I. -DRSQLITE_USE_BUNDLED_SQLITE -DSQLITE_ENABLE_RTREE -DSQLITE_ENABLE_FTS3 -DSQLITE_ENABLE_FTS3_PARENTHESIS -DSQLITE_ENABLE_FTS5 -DSQLITE_ENABLE_JSON1 -DSQLITE_ENABLE_STAT4 -DSQLITE_SOUNDEX -DRCPP_DEFAULT_INCLUDE_CALL=false -DRCPP_USING_UTF8_ERROR_STRING -DBOOST_NO_AUTO_PTR -DSQLITE_MAX_LENGTH=2147483647 -I'/usr/local/lib/R/site-library/BH/include' -I'/usr/local/lib/R/site-library/plogr/include' -I'/usr/local/lib/R/site-library/Rcpp/include'   -fvisibility=hidden -fpic  -g -O2 -fdebug-prefix-map=/build/r-base-Fuvi9C/r-base-4.0.3=. -fstack-protector-strong -Wformat -Werror=format-security -Wdate-time -D_FORTIFY_SOURCE=2 -g  -c SqliteColumnDataSourceFactory.cpp -o SqliteColumnDataSourceFactory.o
g++ -std=gnu++11 -I"/usr/share/R/include" -DNDEBUG -I. -DRSQLITE_USE_BUNDLED_SQLITE -DSQLITE_ENABLE_RTREE -DSQLITE_ENABLE_FTS3 -DSQLITE_ENABLE_FTS3_PARENTHESIS -DSQLITE_ENABLE_FTS5 -DSQLITE_ENABLE_JSON1 -DSQLITE_ENABLE_STAT4 -DSQLITE_SOUNDEX -DRCPP_DEFAULT_INCLUDE_CALL=false -DRCPP_USING_UTF8_ERROR_STRING -DBOOST_NO_AUTO_PTR -DSQLITE_MAX_LENGTH=2147483647 -I'/usr/local/lib/R/site-library/BH/include' -I'/usr/local/lib/R/site-library/plogr/include' -I'/usr/local/lib/R/site-library/Rcpp/include'   -fvisibility=hidden -fpic  -g -O2 -fdebug-prefix-map=/build/r-base-Fuvi9C/r-base-4.0.3=. -fstack-protector-strong -Wformat -Werror=format-security -Wdate-time -D_FORTIFY_SOURCE=2 -g  -c SqliteDataFrame.cpp -o SqliteDataFrame.o
g++ -std=gnu++11 -I"/usr/share/R/include" -DNDEBUG -I. -DRSQLITE_USE_BUNDLED_SQLITE -DSQLITE_ENABLE_RTREE -DSQLITE_ENABLE_FTS3 -DSQLITE_ENABLE_FTS3_PARENTHESIS -DSQLITE_ENABLE_FTS5 -DSQLITE_ENABLE_JSON1 -DSQLITE_ENABLE_STAT4 -DSQLITE_SOUNDEX -DRCPP_DEFAULT_INCLUDE_CALL=false -DRCPP_USING_UTF8_ERROR_STRING -DBOOST_NO_AUTO_PTR -DSQLITE_MAX_LENGTH=2147483647 -I'/usr/local/lib/R/site-library/BH/include' -I'/usr/local/lib/R/site-library/plogr/include' -I'/usr/local/lib/R/site-library/Rcpp/include'   -fvisibility=hidden -fpic  -g -O2 -fdebug-prefix-map=/build/r-base-Fuvi9C/r-base-4.0.3=. -fstack-protector-strong -Wformat -Werror=format-security -Wdate-time -D_FORTIFY_SOURCE=2 -g  -c SqliteResult.cpp -o SqliteResult.o
g++ -std=gnu++11 -I"/usr/share/R/include" -DNDEBUG -I. -DRSQLITE_USE_BUNDLED_SQLITE -DSQLITE_ENABLE_RTREE -DSQLITE_ENABLE_FTS3 -DSQLITE_ENABLE_FTS3_PARENTHESIS -DSQLITE_ENABLE_FTS5 -DSQLITE_ENABLE_JSON1 -DSQLITE_ENABLE_STAT4 -DSQLITE_SOUNDEX -DRCPP_DEFAULT_INCLUDE_CALL=false -DRCPP_USING_UTF8_ERROR_STRING -DBOOST_NO_AUTO_PTR -DSQLITE_MAX_LENGTH=2147483647 -I'/usr/local/lib/R/site-library/BH/include' -I'/usr/local/lib/R/site-library/plogr/include' -I'/usr/local/lib/R/site-library/Rcpp/include'   -fvisibility=hidden -fpic  -g -O2 -fdebug-prefix-map=/build/r-base-Fuvi9C/r-base-4.0.3=. -fstack-protector-strong -Wformat -Werror=format-security -Wdate-time -D_FORTIFY_SOURCE=2 -g  -c SqliteResultImpl.cpp -o SqliteResultImpl.o
gcc -std=gnu99 -I"/usr/share/R/include" -DNDEBUG -I. -DRSQLITE_USE_BUNDLED_SQLITE -DSQLITE_ENABLE_RTREE -DSQLITE_ENABLE_FTS3 -DSQLITE_ENABLE_FTS3_PARENTHESIS -DSQLITE_ENABLE_FTS5 -DSQLITE_ENABLE_JSON1 -DSQLITE_ENABLE_STAT4 -DSQLITE_SOUNDEX -DRCPP_DEFAULT_INCLUDE_CALL=false -DRCPP_USING_UTF8_ERROR_STRING -DBOOST_NO_AUTO_PTR -DSQLITE_MAX_LENGTH=2147483647 -I'/usr/local/lib/R/site-library/BH/include' -I'/usr/local/lib/R/site-library/plogr/include' -I'/usr/local/lib/R/site-library/Rcpp/include'   -fvisibility=hidden -fpic  -g -O2 -fdebug-prefix-map=/build/r-base-Fuvi9C/r-base-4.0.3=. -fstack-protector-strong -Wformat -Werror=format-security -Wdate-time -D_FORTIFY_SOURCE=2 -g  -c affinity.c -o affinity.o
g++ -std=gnu++11 -I"/usr/share/R/include" -DNDEBUG -I. -DRSQLITE_USE_BUNDLED_SQLITE -DSQLITE_ENABLE_RTREE -DSQLITE_ENABLE_FTS3 -DSQLITE_ENABLE_FTS3_PARENTHESIS -DSQLITE_ENABLE_FTS5 -DSQLITE_ENABLE_JSON1 -DSQLITE_ENABLE_STAT4 -DSQLITE_SOUNDEX -DRCPP_DEFAULT_INCLUDE_CALL=false -DRCPP_USING_UTF8_ERROR_STRING -DBOOST_NO_AUTO_PTR -DSQLITE_MAX_LENGTH=2147483647 -I'/usr/local/lib/R/site-library/BH/include' -I'/usr/local/lib/R/site-library/plogr/include' -I'/usr/local/lib/R/site-library/Rcpp/include'   -fvisibility=hidden -fpic  -g -O2 -fdebug-prefix-map=/build/r-base-Fuvi9C/r-base-4.0.3=. -fstack-protector-strong -Wformat -Werror=format-security -Wdate-time -D_FORTIFY_SOURCE=2 -g  -c connection.cpp -o connection.o
gcc -std=gnu99 -I"/usr/share/R/include" -DNDEBUG -I. -DRSQLITE_USE_BUNDLED_SQLITE -DSQLITE_ENABLE_RTREE -DSQLITE_ENABLE_FTS3 -DSQLITE_ENABLE_FTS3_PARENTHESIS -DSQLITE_ENABLE_FTS5 -DSQLITE_ENABLE_JSON1 -DSQLITE_ENABLE_STAT4 -DSQLITE_SOUNDEX -DRCPP_DEFAULT_INCLUDE_CALL=false -DRCPP_USING_UTF8_ERROR_STRING -DBOOST_NO_AUTO_PTR -DSQLITE_MAX_LENGTH=2147483647 -I'/usr/local/lib/R/site-library/BH/include' -I'/usr/local/lib/R/site-library/plogr/include' -I'/usr/local/lib/R/site-library/Rcpp/include'   -fvisibility=hidden -fpic  -g -O2 -fdebug-prefix-map=/build/r-base-Fuvi9C/r-base-4.0.3=. -fstack-protector-strong -Wformat -Werror=format-security -Wdate-time -D_FORTIFY_SOURCE=2 -g  -c extension-functions.c -o extension-functions.o
g++ -std=gnu++11 -I"/usr/share/R/include" -DNDEBUG -I. -DRSQLITE_USE_BUNDLED_SQLITE -DSQLITE_ENABLE_RTREE -DSQLITE_ENABLE_FTS3 -DSQLITE_ENABLE_FTS3_PARENTHESIS -DSQLITE_ENABLE_FTS5 -DSQLITE_ENABLE_JSON1 -DSQLITE_ENABLE_STAT4 -DSQLITE_SOUNDEX -DRCPP_DEFAULT_INCLUDE_CALL=false -DRCPP_USING_UTF8_ERROR_STRING -DBOOST_NO_AUTO_PTR -DSQLITE_MAX_LENGTH=2147483647 -I'/usr/local/lib/R/site-library/BH/include' -I'/usr/local/lib/R/site-library/plogr/include' -I'/usr/local/lib/R/site-library/Rcpp/include'   -fvisibility=hidden -fpic  -g -O2 -fdebug-prefix-map=/build/r-base-Fuvi9C/r-base-4.0.3=. -fstack-protector-strong -Wformat -Werror=format-security -Wdate-time -D_FORTIFY_SOURCE=2 -g  -c extensions.cpp -o extensions.o
gcc -std=gnu99 -I"/usr/share/R/include" -DNDEBUG -I. -DRSQLITE_USE_BUNDLED_SQLITE -DSQLITE_ENABLE_RTREE -DSQLITE_ENABLE_FTS3 -DSQLITE_ENABLE_FTS3_PARENTHESIS -DSQLITE_ENABLE_FTS5 -DSQLITE_ENABLE_JSON1 -DSQLITE_ENABLE_STAT4 -DSQLITE_SOUNDEX -DRCPP_DEFAULT_INCLUDE_CALL=false -DRCPP_USING_UTF8_ERROR_STRING -DBOOST_NO_AUTO_PTR -DSQLITE_MAX_LENGTH=2147483647 -I'/usr/local/lib/R/site-library/BH/include' -I'/usr/local/lib/R/site-library/plogr/include' -I'/usr/local/lib/R/site-library/Rcpp/include'   -fvisibility=hidden -fpic  -g -O2 -fdebug-prefix-map=/build/r-base-Fuvi9C/r-base-4.0.3=. -fstack-protector-strong -Wformat -Werror=format-security -Wdate-time -D_FORTIFY_SOURCE=2 -g  -c import-file.c -o import-file.o
gcc -std=gnu99 -I"/usr/share/R/include" -DNDEBUG -I. -DRSQLITE_USE_BUNDLED_SQLITE -DSQLITE_ENABLE_RTREE -DSQLITE_ENABLE_FTS3 -DSQLITE_ENABLE_FTS3_PARENTHESIS -DSQLITE_ENABLE_FTS5 -DSQLITE_ENABLE_JSON1 -DSQLITE_ENABLE_STAT4 -DSQLITE_SOUNDEX -DRCPP_DEFAULT_INCLUDE_CALL=false -DRCPP_USING_UTF8_ERROR_STRING -DBOOST_NO_AUTO_PTR -DSQLITE_MAX_LENGTH=2147483647 -I'/usr/local/lib/R/site-library/BH/include' -I'/usr/local/lib/R/site-library/plogr/include' -I'/usr/local/lib/R/site-library/Rcpp/include'   -fvisibility=hidden -fpic  -g -O2 -fdebug-prefix-map=/build/r-base-Fuvi9C/r-base-4.0.3=. -fstack-protector-strong -Wformat -Werror=format-security -Wdate-time -D_FORTIFY_SOURCE=2 -g  -c regexp.c -o regexp.o
g++ -std=gnu++11 -I"/usr/share/R/include" -DNDEBUG -I. -DRSQLITE_USE_BUNDLED_SQLITE -DSQLITE_ENABLE_RTREE -DSQLITE_ENABLE_FTS3 -DSQLITE_ENABLE_FTS3_PARENTHESIS -DSQLITE_ENABLE_FTS5 -DSQLITE_ENABLE_JSON1 -DSQLITE_ENABLE_STAT4 -DSQLITE_SOUNDEX -DRCPP_DEFAULT_INCLUDE_CALL=false -DRCPP_USING_UTF8_ERROR_STRING -DBOOST_NO_AUTO_PTR -DSQLITE_MAX_LENGTH=2147483647 -I'/usr/local/lib/R/site-library/BH/include' -I'/usr/local/lib/R/site-library/plogr/include' -I'/usr/local/lib/R/site-library/Rcpp/include'   -fvisibility=hidden -fpic  -g -O2 -fdebug-prefix-map=/build/r-base-Fuvi9C/r-base-4.0.3=. -fstack-protector-strong -Wformat -Werror=format-security -Wdate-time -D_FORTIFY_SOURCE=2 -g  -c result.cpp -o result.o
g++ -std=gnu++11 -I"/usr/share/R/include" -DNDEBUG -I. -DRSQLITE_USE_BUNDLED_SQLITE -DSQLITE_ENABLE_RTREE -DSQLITE_ENABLE_FTS3 -DSQLITE_ENABLE_FTS3_PARENTHESIS -DSQLITE_ENABLE_FTS5 -DSQLITE_ENABLE_JSON1 -DSQLITE_ENABLE_STAT4 -DSQLITE_SOUNDEX -DRCPP_DEFAULT_INCLUDE_CALL=false -DRCPP_USING_UTF8_ERROR_STRING -DBOOST_NO_AUTO_PTR -DSQLITE_MAX_LENGTH=2147483647 -I'/usr/local/lib/R/site-library/BH/include' -I'/usr/local/lib/R/site-library/plogr/include' -I'/usr/local/lib/R/site-library/Rcpp/include'   -fvisibility=hidden -fpic  -g -O2 -fdebug-prefix-map=/build/r-base-Fuvi9C/r-base-4.0.3=. -fstack-protector-strong -Wformat -Werror=format-security -Wdate-time -D_FORTIFY_SOURCE=2 -g  -c rsqlite.cpp -o rsqlite.o
gcc -std=gnu99 -I"/usr/share/R/include" -DNDEBUG -I. -DRSQLITE_USE_BUNDLED_SQLITE -DSQLITE_ENABLE_RTREE -DSQLITE_ENABLE_FTS3 -DSQLITE_ENABLE_FTS3_PARENTHESIS -DSQLITE_ENABLE_FTS5 -DSQLITE_ENABLE_JSON1 -DSQLITE_ENABLE_STAT4 -DSQLITE_SOUNDEX -DRCPP_DEFAULT_INCLUDE_CALL=false -DRCPP_USING_UTF8_ERROR_STRING -DBOOST_NO_AUTO_PTR -DSQLITE_MAX_LENGTH=2147483647 -I'/usr/local/lib/R/site-library/BH/include' -I'/usr/local/lib/R/site-library/plogr/include' -I'/usr/local/lib/R/site-library/Rcpp/include'   -fvisibility=hidden -fpic  -g -O2 -fdebug-prefix-map=/build/r-base-Fuvi9C/r-base-4.0.3=. -fstack-protector-strong -Wformat -Werror=format-security -Wdate-time -D_FORTIFY_SOURCE=2 -g  -c vendor/sqlite3/sqlite3.c -o vendor/sqlite3/sqlite3.o
g++ -std=gnu++11 -shared -L/usr/lib/R/lib -Wl,-Bsymbolic-functions -Wl,-z,relro -o RSQLite.so DbColumn.o DbColumnDataSource.o DbColumnDataSourceFactory.o DbColumnStorage.o DbConnection.o DbDataFrame.o DbResult.o RcppExports.o SqliteColumnDataSource.o SqliteColumnDataSourceFactory.o SqliteDataFrame.o SqliteResult.o SqliteResultImpl.o affinity.o connection.o extension-functions.o extensions.o import-file.o regexp.o result.o rsqlite.o vendor/sqlite3/sqlite3.o -L/usr/lib/R/lib -lR
installing to /usr/local/lib/R/site-library/00LOCK-RSQLite/00new/RSQLite/libs
** R
** inst
** byte-compile and prepare package for lazy loading
** help
*** installing help indices
** building package indices
** installing vignettes
** testing if installed package can be loaded from temporary location
** checking absolute paths in shared objects and dynamic libraries
** testing if installed package can be loaded from final location
** testing if installed package keeps a record of temporary installation path
* DONE (RSQLite)
* installing *source* package ‘AnnotationDbi’ ...
** using staged installation
** R
** inst
** byte-compile and prepare package for lazy loading
Creating a new generic function for ‘packageName’ in package ‘AnnotationDbi’
Creating a generic function for ‘ls’ from package ‘base’ in package ‘AnnotationDbi’
Creating a generic function for ‘eapply’ from package ‘base’ in package ‘AnnotationDbi’
Creating a generic function for ‘exists’ from package ‘base’ in package ‘AnnotationDbi’
Creating a generic function for ‘sample’ from package ‘base’ in package ‘AnnotationDbi’
** help
*** installing help indices
** building package indices
** installing vignettes
** testing if installed package can be loaded from temporary location
** testing if installed package can be loaded from final location
** testing if installed package keeps a record of temporary installation path
* DONE (AnnotationDbi)
* installing *source* package ‘BiocFileCache’ ...
** using staged installation
** R
** inst
** byte-compile and prepare package for lazy loading
** help
*** installing help indices
** building package indices
** installing vignettes
** testing if installed package can be loaded from temporary location
** testing if installed package can be loaded from final location
** testing if installed package keeps a record of temporary installation path
* DONE (BiocFileCache)
* installing *source* package ‘biomaRt’ ...
** using staged installation
** R
** inst
** byte-compile and prepare package for lazy loading
** help
*** installing help indices
** building package indices
** installing vignettes
** testing if installed package can be loaded from temporary location
** testing if installed package can be loaded from final location
** testing if installed package keeps a record of temporary installation path
* DONE (biomaRt)

The downloaded source packages are in
        ‘/tmp/RtmpBTvM9A/downloaded_packages’
