> devtools::install_git("https://github.com/tidyverse/dplyr/")
Downloading git repo https://github.com/tidyverse/dplyr/
✔  checking for file ‘/tmp/RtmpnypPa7/file42ff54f09f0e/DESCRIPTION’ (370ms)
─  preparing ‘dplyr’:
✔  checking DESCRIPTION meta-information ...
─  cleaning src
─  installing the package to process help pages
─  cleaning src (14.2s)
─  checking for LF line-endings in source and make files and shell scripts
─  checking for empty or unneeded directories
   Removed empty directory ‘dplyr/inst’
─  building ‘dplyr_1.0.2.9000.tar.gz’

Installing package into ‘/home/yuzj/R/x86_64-pc-linux-gnu-library/4.0’
(as ‘lib’ is unspecified)
* installing *source* package ‘dplyr’ ...
** using staged installation
** libs
g++ -std=gnu++11 -I"/usr/share/R/include" -DNDEBUG      -fpic  -g -O2 -fdebug-prefix-map=/build/r-base-Fuvi9C/r-base-4.0.3=. -fstack-protector-strong -Wformat -Werror=format-security -Wdate-time -D_FORTIFY_SOURCE=2 -g  -c chop.cpp -o chop.o
g++ -std=gnu++11 -I"/usr/share/R/include" -DNDEBUG      -fpic  -g -O2 -fdebug-prefix-map=/build/r-base-Fuvi9C/r-base-4.0.3=. -fstack-protector-strong -Wformat -Werror=format-security -Wdate-time -D_FORTIFY_SOURCE=2 -g  -c filter.cpp -o filter.o
g++ -std=gnu++11 -I"/usr/share/R/include" -DNDEBUG      -fpic  -g -O2 -fdebug-prefix-map=/build/r-base-Fuvi9C/r-base-4.0.3=. -fstack-protector-strong -Wformat -Werror=format-security -Wdate-time -D_FORTIFY_SOURCE=2 -g  -c funs.cpp -o funs.o
g++ -std=gnu++11 -I"/usr/share/R/include" -DNDEBUG      -fpic  -g -O2 -fdebug-prefix-map=/build/r-base-Fuvi9C/r-base-4.0.3=. -fstack-protector-strong -Wformat -Werror=format-security -Wdate-time -D_FORTIFY_SOURCE=2 -g  -c group_by.cpp -o group_by.o
g++ -std=gnu++11 -I"/usr/share/R/include" -DNDEBUG      -fpic  -g -O2 -fdebug-prefix-map=/build/r-base-Fuvi9C/r-base-4.0.3=. -fstack-protector-strong -Wformat -Werror=format-security -Wdate-time -D_FORTIFY_SOURCE=2 -g  -c group_data.cpp -o group_data.o
g++ -std=gnu++11 -I"/usr/share/R/include" -DNDEBUG      -fpic  -g -O2 -fdebug-prefix-map=/build/r-base-Fuvi9C/r-base-4.0.3=. -fstack-protector-strong -Wformat -Werror=format-security -Wdate-time -D_FORTIFY_SOURCE=2 -g  -c imports.cpp -o imports.o
g++ -std=gnu++11 -I"/usr/share/R/include" -DNDEBUG      -fpic  -g -O2 -fdebug-prefix-map=/build/r-base-Fuvi9C/r-base-4.0.3=. -fstack-protector-strong -Wformat -Werror=format-security -Wdate-time -D_FORTIFY_SOURCE=2 -g  -c init.cpp -o init.o
g++ -std=gnu++11 -I"/usr/share/R/include" -DNDEBUG      -fpic  -g -O2 -fdebug-prefix-map=/build/r-base-Fuvi9C/r-base-4.0.3=. -fstack-protector-strong -Wformat -Werror=format-security -Wdate-time -D_FORTIFY_SOURCE=2 -g  -c mask.cpp -o mask.o
g++ -std=gnu++11 -I"/usr/share/R/include" -DNDEBUG      -fpic  -g -O2 -fdebug-prefix-map=/build/r-base-Fuvi9C/r-base-4.0.3=. -fstack-protector-strong -Wformat -Werror=format-security -Wdate-time -D_FORTIFY_SOURCE=2 -g  -c mutate.cpp -o mutate.o
g++ -std=gnu++11 -I"/usr/share/R/include" -DNDEBUG      -fpic  -g -O2 -fdebug-prefix-map=/build/r-base-Fuvi9C/r-base-4.0.3=. -fstack-protector-strong -Wformat -Werror=format-security -Wdate-time -D_FORTIFY_SOURCE=2 -g  -c slice.cpp -o slice.o
g++ -std=gnu++11 -I"/usr/share/R/include" -DNDEBUG      -fpic  -g -O2 -fdebug-prefix-map=/build/r-base-Fuvi9C/r-base-4.0.3=. -fstack-protector-strong -Wformat -Werror=format-security -Wdate-time -D_FORTIFY_SOURCE=2 -g  -c summarise.cpp -o summarise.o
g++ -std=gnu++11 -shared -L/usr/lib/R/lib -Wl,-Bsymbolic-functions -Wl,-z,relro -o dplyr.so chop.o filter.o funs.o group_by.o group_data.o imports.o init.o mask.o mutate.o slice.o summarise.o -L/usr/lib/R/lib -lR
installing to /home/yuzj/R/x86_64-pc-linux-gnu-library/4.0/00LOCK-dplyr/00new/dplyr/libs
** R
** data
*** moving datasets to lazyload DB
** byte-compile and prepare package for lazy loading
** help
*** installing help indices
*** copying figures
** building package indices
** installing vignettes
** testing if installed package can be loaded from temporary location
** checking absolute paths in shared objects and dynamic libraries
** testing if installed package can be loaded from final location
** testing if installed package keeps a record of temporary installation path
* DONE (dplyr)
